{"/home/j-loz/proyectos/invoice_api/src/app.ts": {"path":"/home/j-loz/proyectos/invoice_api/src/app.ts","statementMap":{"0":{"start":{"line":8,"column":8},"end":{"line":8,"column":null}},"1":{"start":{"line":10,"column":2},"end":{"line":10,"column":null}},"2":{"start":{"line":11,"column":2},"end":{"line":11,"column":null}},"3":{"start":{"line":12,"column":2},"end":{"line":12,"column":null}},"4":{"start":{"line":14,"column":2},"end":{"line":16,"column":null}},"5":{"start":{"line":15,"column":4},"end":{"line":15,"column":null}},"6":{"start":{"line":18,"column":2},"end":{"line":18,"column":null}}},"fnMap":{"0":{"name":"createApp","decl":{"start":{"line":7,"column":16},"end":{"line":7,"column":26}},"loc":{"start":{"line":7,"column":58},"end":{"line":19,"column":null}},"line":7},"1":{"name":"(anonymous_1)","decl":{"start":{"line":14,"column":31},"end":{"line":14,"column":48}},"loc":{"start":{"line":14,"column":62},"end":{"line":16,"column":3}},"line":14}},"branchMap":{},"s":{"0":3,"1":3,"2":3,"3":3,"4":3,"5":1,"6":3},"f":{"0":3,"1":1},"b":{},"meta":{"lastBranch":0,"lastFunction":2,"lastStatement":7,"seen":{"f:7:16:7:26":0,"s:8:8:8:Infinity":0,"s:10:2:10:Infinity":1,"s:11:2:11:Infinity":2,"s:12:2:12:Infinity":3,"s:14:2:16:Infinity":4,"f:14:31:14:48":1,"s:15:4:15:Infinity":5,"s:18:2:18:Infinity":6}}}
,"/home/j-loz/proyectos/invoice_api/src/__tests__/helpers/mysql-test-server.ts": {"path":"/home/j-loz/proyectos/invoice_api/src/__tests__/helpers/mysql-test-server.ts","statementMap":{"0":{"start":{"line":11,"column":2},"end":{"line":11,"column":null}},"1":{"start":{"line":14,"column":23},"end":{"line":14,"column":null}},"2":{"start":{"line":17,"column":2},"end":{"line":22,"column":null}},"3":{"start":{"line":25,"column":25},"end":{"line":25,"column":null}},"4":{"start":{"line":51,"column":33},"end":{"line":51,"column":null}},"5":{"start":{"line":60,"column":2},"end":{"line":60,"column":null}},"6":{"start":{"line":61,"column":14},"end":{"line":61,"column":null}},"7":{"start":{"line":62,"column":25},"end":{"line":62,"column":null}},"8":{"start":{"line":64,"column":19},"end":{"line":64,"column":null}},"9":{"start":{"line":65,"column":2},"end":{"line":65,"column":null}},"10":{"start":{"line":66,"column":2},"end":{"line":66,"column":null}},"11":{"start":{"line":68,"column":17},"end":{"line":68,"column":null}},"12":{"start":{"line":69,"column":2},"end":{"line":69,"column":null}},"13":{"start":{"line":70,"column":2},"end":{"line":70,"column":null}},"14":{"start":{"line":72,"column":2},"end":{"line":72,"column":null}},"15":{"start":{"line":74,"column":8},"end":{"line":74,"column":null}},"16":{"start":{"line":75,"column":8},"end":{"line":75,"column":null}},"17":{"start":{"line":77,"column":17},"end":{"line":79,"column":null}},"18":{"start":{"line":78,"column":14},"end":{"line":78,"column":null}},"19":{"start":{"line":78,"column":34},"end":{"line":78,"column":44}},"20":{"start":{"line":81,"column":15},"end":{"line":81,"column":null}},"21":{"start":{"line":82,"column":18},"end":{"line":82,"column":null}},"22":{"start":{"line":84,"column":2},"end":{"line":93,"column":null}},"23":{"start":{"line":88,"column":6},"end":{"line":88,"column":null}},"24":{"start":{"line":88,"column":43},"end":{"line":88,"column":72}},"25":{"start":{"line":88,"column":62},"end":{"line":88,"column":71}},"26":{"start":{"line":89,"column":6},"end":{"line":89,"column":null}},"27":{"start":{"line":90,"column":6},"end":{"line":90,"column":null}},"28":{"start":{"line":91,"column":6},"end":{"line":91,"column":null}},"29":{"start":{"line":97,"column":2},"end":{"line":97,"column":null}},"30":{"start":{"line":97,"column":20},"end":{"line":97,"column":null}},"31":{"start":{"line":98,"column":14},"end":{"line":98,"column":null}},"32":{"start":{"line":99,"column":15},"end":{"line":99,"column":null}},"33":{"start":{"line":100,"column":2},"end":{"line":100,"column":null}},"34":{"start":{"line":101,"column":2},"end":{"line":101,"column":null}}},"fnMap":{"0":{"name":"getBaseDbName","decl":{"start":{"line":10,"column":9},"end":{"line":10,"column":33}},"loc":{"start":{"line":10,"column":33},"end":{"line":12,"column":null}},"line":10},"1":{"name":"getConnectionConfig","decl":{"start":{"line":16,"column":9},"end":{"line":16,"column":31}},"loc":{"start":{"line":16,"column":31},"end":{"line":23,"column":null}},"line":16},"2":{"name":"createMysqlTestServer","decl":{"start":{"line":59,"column":22},"end":{"line":59,"column":72}},"loc":{"start":{"line":59,"column":72},"end":{"line":94,"column":null}},"line":59},"3":{"name":"(anonymous_3)","decl":{"start":{"line":77,"column":27},"end":{"line":77,"column":44}},"loc":{"start":{"line":77,"column":56},"end":{"line":79,"column":3}},"line":77},"4":{"name":"(anonymous_4)","decl":{"start":{"line":78,"column":25},"end":{"line":78,"column":34}},"loc":{"start":{"line":78,"column":34},"end":{"line":78,"column":44}},"line":78},"5":{"name":"(anonymous_5)","decl":{"start":{"line":87,"column":10},"end":{"line":87,"column":20}},"loc":{"start":{"line":87,"column":20},"end":{"line":92,"column":null}},"line":87},"6":{"name":"(anonymous_6)","decl":{"start":{"line":88,"column":16},"end":{"line":88,"column":31}},"loc":{"start":{"line":88,"column":43},"end":{"line":88,"column":72}},"line":88},"7":{"name":"(anonymous_7)","decl":{"start":{"line":88,"column":50},"end":{"line":88,"column":62}},"loc":{"start":{"line":88,"column":62},"end":{"line":88,"column":71}},"line":88},"8":{"name":"truncateInvoices","decl":{"start":{"line":96,"column":22},"end":{"line":96,"column":56}},"loc":{"start":{"line":96,"column":56},"end":{"line":102,"column":null}},"line":96}},"branchMap":{"0":{"loc":{"start":{"line":11,"column":9},"end":{"line":11,"column":null}},"type":"binary-expr","locations":[{"start":{"line":11,"column":9},"end":{"line":11,"column":32}},{"start":{"line":11,"column":32},"end":{"line":11,"column":null}}],"line":11},"1":{"loc":{"start":{"line":18,"column":10},"end":{"line":18,"column":null}},"type":"binary-expr","locations":[{"start":{"line":18,"column":10},"end":{"line":18,"column":33}},{"start":{"line":18,"column":33},"end":{"line":18,"column":null}}],"line":18},"2":{"loc":{"start":{"line":19,"column":10},"end":{"line":19,"column":null}},"type":"binary-expr","locations":[{"start":{"line":19,"column":10},"end":{"line":19,"column":41}},{"start":{"line":19,"column":41},"end":{"line":19,"column":null}}],"line":19},"3":{"loc":{"start":{"line":20,"column":10},"end":{"line":20,"column":null}},"type":"binary-expr","locations":[{"start":{"line":20,"column":10},"end":{"line":20,"column":33}},{"start":{"line":20,"column":33},"end":{"line":20,"column":null}}],"line":20},"4":{"loc":{"start":{"line":21,"column":14},"end":{"line":21,"column":null}},"type":"binary-expr","locations":[{"start":{"line":21,"column":14},"end":{"line":21,"column":41}},{"start":{"line":21,"column":41},"end":{"line":21,"column":null}}],"line":21},"5":{"loc":{"start":{"line":82,"column":38},"end":{"line":82,"column":null}},"type":"cond-expr","locations":[{"start":{"line":82,"column":73},"end":{"line":82,"column":85}},{"start":{"line":82,"column":85},"end":{"line":82,"column":null}}],"line":82},"6":{"loc":{"start":{"line":82,"column":38},"end":{"line":82,"column":73}},"type":"binary-expr","locations":[{"start":{"line":82,"column":38},"end":{"line":82,"column":46}},{"start":{"line":82,"column":46},"end":{"line":82,"column":73}}],"line":82},"7":{"loc":{"start":{"line":97,"column":2},"end":{"line":97,"column":null}},"type":"if","locations":[{"start":{"line":97,"column":2},"end":{"line":97,"column":null}},{"start":{},"end":{}}],"line":97}},"s":{"0":1,"1":1,"2":7,"3":1,"4":1,"5":1,"6":1,"7":1,"8":1,"9":1,"10":1,"11":1,"12":1,"13":1,"14":1,"15":1,"16":1,"17":1,"18":1,"19":1,"20":1,"21":1,"22":1,"23":1,"24":1,"25":1,"26":1,"27":1,"28":1,"29":6,"30":0,"31":6,"32":6,"33":6,"34":6},"f":{"0":1,"1":7,"2":1,"3":1,"4":1,"5":1,"6":1,"7":1,"8":6},"b":{"0":[1,0],"1":[7,0],"2":[7,0],"3":[7,0],"4":[7,0],"5":[1,0],"6":[1,1],"7":[0,6]},"meta":{"lastBranch":8,"lastFunction":9,"lastStatement":35,"seen":{"f:10:9:10:33":0,"s:11:2:11:Infinity":0,"b:11:9:11:32:11:32:11:Infinity":0,"s:14:23:14:Infinity":1,"f:16:9:16:31":1,"s:17:2:22:Infinity":2,"b:18:10:18:33:18:33:18:Infinity":1,"b:19:10:19:41:19:41:19:Infinity":2,"b:20:10:20:33:20:33:20:Infinity":3,"b:21:14:21:41:21:41:21:Infinity":4,"s:25:25:25:Infinity":3,"s:51:33:51:Infinity":4,"f:59:22:59:72":2,"s:60:2:60:Infinity":5,"s:61:14:61:Infinity":6,"s:62:25:62:Infinity":7,"s:64:19:64:Infinity":8,"s:65:2:65:Infinity":9,"s:66:2:66:Infinity":10,"s:68:17:68:Infinity":11,"s:69:2:69:Infinity":12,"s:70:2:70:Infinity":13,"s:72:2:72:Infinity":14,"s:74:8:74:Infinity":15,"s:75:8:75:Infinity":16,"s:77:17:79:Infinity":17,"f:77:27:77:44":3,"s:78:14:78:Infinity":18,"f:78:25:78:34":4,"s:78:34:78:44":19,"s:81:15:81:Infinity":20,"s:82:18:82:Infinity":21,"b:82:73:82:85:82:85:82:Infinity":5,"b:82:38:82:46:82:46:82:73":6,"s:84:2:93:Infinity":22,"f:87:10:87:20":5,"s:88:6:88:Infinity":23,"f:88:16:88:31":6,"s:88:43:88:72":24,"f:88:50:88:62":7,"s:88:62:88:71":25,"s:89:6:89:Infinity":26,"s:90:6:90:Infinity":27,"s:91:6:91:Infinity":28,"f:96:22:96:56":8,"b:97:2:97:Infinity:undefined:undefined:undefined:undefined":7,"s:97:2:97:Infinity":29,"s:97:20:97:Infinity":30,"s:98:14:98:Infinity":31,"s:99:15:99:Infinity":32,"s:100:2:100:Infinity":33,"s:101:2:101:Infinity":34}}}
,"/home/j-loz/proyectos/invoice_api/src/controllers/invoice.controller.ts": {"path":"/home/j-loz/proyectos/invoice_api/src/controllers/invoice.controller.ts","statementMap":{"0":{"start":{"line":10,"column":8},"end":{"line":10,"column":null}},"1":{"start":{"line":11,"column":8},"end":{"line":11,"column":null}},"2":{"start":{"line":12,"column":8},"end":{"line":12,"column":null}},"3":{"start":{"line":13,"column":8},"end":{"line":13,"column":null}},"4":{"start":{"line":14,"column":8},"end":{"line":14,"column":null}},"5":{"start":{"line":16,"column":2},"end":{"line":109,"column":null}},"6":{"start":{"line":18,"column":6},"end":{"line":32,"column":null}},"7":{"start":{"line":19,"column":23},"end":{"line":19,"column":null}},"8":{"start":{"line":21,"column":8},"end":{"line":24,"column":null}},"9":{"start":{"line":22,"column":10},"end":{"line":22,"column":null}},"10":{"start":{"line":23,"column":10},"end":{"line":23,"column":null}},"11":{"start":{"line":26,"column":8},"end":{"line":26,"column":null}},"12":{"start":{"line":28,"column":8},"end":{"line":31,"column":null}},"13":{"start":{"line":36,"column":6},"end":{"line":51,"column":null}},"14":{"start":{"line":37,"column":22},"end":{"line":37,"column":null}},"15":{"start":{"line":38,"column":23},"end":{"line":38,"column":null}},"16":{"start":{"line":40,"column":8},"end":{"line":43,"column":null}},"17":{"start":{"line":41,"column":10},"end":{"line":41,"column":null}},"18":{"start":{"line":42,"column":10},"end":{"line":42,"column":null}},"19":{"start":{"line":45,"column":8},"end":{"line":45,"column":null}},"20":{"start":{"line":47,"column":8},"end":{"line":50,"column":null}},"21":{"start":{"line":55,"column":6},"end":{"line":69,"column":null}},"22":{"start":{"line":56,"column":23},"end":{"line":56,"column":null}},"23":{"start":{"line":58,"column":8},"end":{"line":61,"column":null}},"24":{"start":{"line":59,"column":10},"end":{"line":59,"column":null}},"25":{"start":{"line":60,"column":10},"end":{"line":60,"column":null}},"26":{"start":{"line":63,"column":8},"end":{"line":63,"column":null}},"27":{"start":{"line":65,"column":8},"end":{"line":68,"column":null}},"28":{"start":{"line":73,"column":6},"end":{"line":88,"column":null}},"29":{"start":{"line":74,"column":23},"end":{"line":74,"column":null}},"30":{"start":{"line":76,"column":8},"end":{"line":80,"column":null}},"31":{"start":{"line":77,"column":25},"end":{"line":77,"column":null}},"32":{"start":{"line":78,"column":10},"end":{"line":78,"column":null}},"33":{"start":{"line":79,"column":10},"end":{"line":79,"column":null}},"34":{"start":{"line":82,"column":8},"end":{"line":82,"column":null}},"35":{"start":{"line":84,"column":8},"end":{"line":87,"column":null}},"36":{"start":{"line":92,"column":6},"end":{"line":107,"column":null}},"37":{"start":{"line":93,"column":23},"end":{"line":93,"column":null}},"38":{"start":{"line":95,"column":8},"end":{"line":99,"column":null}},"39":{"start":{"line":96,"column":25},"end":{"line":96,"column":null}},"40":{"start":{"line":97,"column":10},"end":{"line":97,"column":null}},"41":{"start":{"line":98,"column":10},"end":{"line":98,"column":null}},"42":{"start":{"line":101,"column":8},"end":{"line":101,"column":null}},"43":{"start":{"line":103,"column":8},"end":{"line":106,"column":null}}},"fnMap":{"0":{"name":"createInvoiceController","decl":{"start":{"line":9,"column":16},"end":{"line":9,"column":40}},"loc":{"start":{"line":9,"column":71},"end":{"line":110,"column":null}},"line":9},"1":{"name":"(anonymous_1)","decl":{"start":{"line":17,"column":10},"end":{"line":17,"column":17}},"loc":{"start":{"line":17,"column":46},"end":{"line":33,"column":null}},"line":17},"2":{"name":"(anonymous_2)","decl":{"start":{"line":35,"column":10},"end":{"line":35,"column":15}},"loc":{"start":{"line":35,"column":44},"end":{"line":52,"column":null}},"line":35},"3":{"name":"(anonymous_3)","decl":{"start":{"line":54,"column":10},"end":{"line":54,"column":18}},"loc":{"start":{"line":54,"column":47},"end":{"line":70,"column":null}},"line":54},"4":{"name":"(anonymous_4)","decl":{"start":{"line":72,"column":10},"end":{"line":72,"column":17}},"loc":{"start":{"line":72,"column":46},"end":{"line":89,"column":null}},"line":72},"5":{"name":"(anonymous_5)","decl":{"start":{"line":91,"column":10},"end":{"line":91,"column":18}},"loc":{"start":{"line":91,"column":47},"end":{"line":108,"column":null}},"line":91}},"branchMap":{"0":{"loc":{"start":{"line":21,"column":8},"end":{"line":24,"column":null}},"type":"if","locations":[{"start":{"line":21,"column":8},"end":{"line":24,"column":null}},{"start":{},"end":{}}],"line":21},"1":{"loc":{"start":{"line":40,"column":8},"end":{"line":43,"column":null}},"type":"if","locations":[{"start":{"line":40,"column":8},"end":{"line":43,"column":null}},{"start":{},"end":{}}],"line":40},"2":{"loc":{"start":{"line":58,"column":8},"end":{"line":61,"column":null}},"type":"if","locations":[{"start":{"line":58,"column":8},"end":{"line":61,"column":null}},{"start":{},"end":{}}],"line":58},"3":{"loc":{"start":{"line":76,"column":8},"end":{"line":80,"column":null}},"type":"if","locations":[{"start":{"line":76,"column":8},"end":{"line":80,"column":null}},{"start":{},"end":{}}],"line":76},"4":{"loc":{"start":{"line":77,"column":25},"end":{"line":77,"column":null}},"type":"cond-expr","locations":[{"start":{"line":77,"column":56},"end":{"line":77,"column":62}},{"start":{"line":77,"column":62},"end":{"line":77,"column":null}}],"line":77},"5":{"loc":{"start":{"line":95,"column":8},"end":{"line":99,"column":null}},"type":"if","locations":[{"start":{"line":95,"column":8},"end":{"line":99,"column":null}},{"start":{},"end":{}}],"line":95},"6":{"loc":{"start":{"line":96,"column":25},"end":{"line":96,"column":null}},"type":"cond-expr","locations":[{"start":{"line":96,"column":56},"end":{"line":96,"column":62}},{"start":{"line":96,"column":62},"end":{"line":96,"column":null}}],"line":96}},"s":{"0":3,"1":3,"2":3,"3":3,"4":3,"5":3,"6":30,"7":30,"8":30,"9":16,"10":16,"11":14,"12":0,"13":16,"14":16,"15":16,"16":16,"17":2,"18":2,"19":14,"20":0,"21":3,"22":3,"23":3,"24":2,"25":2,"26":1,"27":0,"28":5,"29":5,"30":5,"31":3,"32":3,"33":3,"34":2,"35":0,"36":9,"37":9,"38":9,"39":2,"40":2,"41":2,"42":7,"43":0},"f":{"0":3,"1":30,"2":16,"3":3,"4":5,"5":9},"b":{"0":[16,14],"1":[2,14],"2":[2,1],"3":[3,2],"4":[1,2],"5":[2,7],"6":[1,1]},"meta":{"lastBranch":7,"lastFunction":6,"lastStatement":44,"seen":{"f:9:16:9:40":0,"s:10:8:10:Infinity":0,"s:11:8:11:Infinity":1,"s:12:8:12:Infinity":2,"s:13:8:13:Infinity":3,"s:14:8:14:Infinity":4,"s:16:2:109:Infinity":5,"f:17:10:17:17":1,"s:18:6:32:Infinity":6,"s:19:23:19:Infinity":7,"b:21:8:24:Infinity:undefined:undefined:undefined:undefined":0,"s:21:8:24:Infinity":8,"s:22:10:22:Infinity":9,"s:23:10:23:Infinity":10,"s:26:8:26:Infinity":11,"s:28:8:31:Infinity":12,"f:35:10:35:15":2,"s:36:6:51:Infinity":13,"s:37:22:37:Infinity":14,"s:38:23:38:Infinity":15,"b:40:8:43:Infinity:undefined:undefined:undefined:undefined":1,"s:40:8:43:Infinity":16,"s:41:10:41:Infinity":17,"s:42:10:42:Infinity":18,"s:45:8:45:Infinity":19,"s:47:8:50:Infinity":20,"f:54:10:54:18":3,"s:55:6:69:Infinity":21,"s:56:23:56:Infinity":22,"b:58:8:61:Infinity:undefined:undefined:undefined:undefined":2,"s:58:8:61:Infinity":23,"s:59:10:59:Infinity":24,"s:60:10:60:Infinity":25,"s:63:8:63:Infinity":26,"s:65:8:68:Infinity":27,"f:72:10:72:17":4,"s:73:6:88:Infinity":28,"s:74:23:74:Infinity":29,"b:76:8:80:Infinity:undefined:undefined:undefined:undefined":3,"s:76:8:80:Infinity":30,"s:77:25:77:Infinity":31,"b:77:56:77:62:77:62:77:Infinity":4,"s:78:10:78:Infinity":32,"s:79:10:79:Infinity":33,"s:82:8:82:Infinity":34,"s:84:8:87:Infinity":35,"f:91:10:91:18":5,"s:92:6:107:Infinity":36,"s:93:23:93:Infinity":37,"b:95:8:99:Infinity:undefined:undefined:undefined:undefined":5,"s:95:8:99:Infinity":38,"s:96:25:96:Infinity":39,"b:96:56:96:62:96:62:96:Infinity":6,"s:97:10:97:Infinity":40,"s:98:10:98:Infinity":41,"s:101:8:101:Infinity":42,"s:103:8:106:Infinity":43}}}
,"/home/j-loz/proyectos/invoice_api/src/middleware/auth.ts": {"path":"/home/j-loz/proyectos/invoice_api/src/middleware/auth.ts","statementMap":{"0":{"start":{"line":3,"column":24},"end":{"line":3,"column":null}},"1":{"start":{"line":6,"column":17},"end":{"line":6,"column":null}},"2":{"start":{"line":8,"column":2},"end":{"line":11,"column":null}},"3":{"start":{"line":9,"column":4},"end":{"line":9,"column":null}},"4":{"start":{"line":10,"column":4},"end":{"line":10,"column":null}},"5":{"start":{"line":13,"column":16},"end":{"line":13,"column":null}},"6":{"start":{"line":15,"column":2},"end":{"line":18,"column":null}},"7":{"start":{"line":16,"column":4},"end":{"line":16,"column":null}},"8":{"start":{"line":17,"column":4},"end":{"line":17,"column":null}},"9":{"start":{"line":20,"column":2},"end":{"line":20,"column":null}}},"fnMap":{"0":{"name":"authMiddleware","decl":{"start":{"line":5,"column":16},"end":{"line":5,"column":31}},"loc":{"start":{"line":5,"column":80},"end":{"line":21,"column":null}},"line":5}},"branchMap":{"0":{"loc":{"start":{"line":8,"column":2},"end":{"line":11,"column":null}},"type":"if","locations":[{"start":{"line":8,"column":2},"end":{"line":11,"column":null}},{"start":{},"end":{}}],"line":8},"1":{"loc":{"start":{"line":8,"column":6},"end":{"line":8,"column":48}},"type":"binary-expr","locations":[{"start":{"line":8,"column":6},"end":{"line":8,"column":17}},{"start":{"line":8,"column":17},"end":{"line":8,"column":48}}],"line":8},"2":{"loc":{"start":{"line":15,"column":2},"end":{"line":18,"column":null}},"type":"if","locations":[{"start":{"line":15,"column":2},"end":{"line":18,"column":null}},{"start":{},"end":{}}],"line":15}},"s":{"0":3,"1":4,"2":4,"3":2,"4":2,"5":2,"6":2,"7":1,"8":1,"9":1},"f":{"0":4},"b":{"0":[2,2],"1":[4,3],"2":[1,1]},"meta":{"lastBranch":3,"lastFunction":1,"lastStatement":10,"seen":{"s:3:24:3:Infinity":0,"f:5:16:5:31":0,"s:6:17:6:Infinity":1,"b:8:2:11:Infinity:undefined:undefined:undefined:undefined":0,"s:8:2:11:Infinity":2,"b:8:6:8:17:8:17:8:48":1,"s:9:4:9:Infinity":3,"s:10:4:10:Infinity":4,"s:13:16:13:Infinity":5,"b:15:2:18:Infinity:undefined:undefined:undefined:undefined":2,"s:15:2:18:Infinity":6,"s:16:4:16:Infinity":7,"s:17:4:17:Infinity":8,"s:20:2:20:Infinity":9}}}
,"/home/j-loz/proyectos/invoice_api/src/middleware/logger.ts": {"path":"/home/j-loz/proyectos/invoice_api/src/middleware/logger.ts","statementMap":{"0":{"start":{"line":4,"column":16},"end":{"line":4,"column":null}},"1":{"start":{"line":6,"column":2},"end":{"line":9,"column":null}},"2":{"start":{"line":7,"column":21},"end":{"line":7,"column":null}},"3":{"start":{"line":8,"column":4},"end":{"line":8,"column":null}},"4":{"start":{"line":11,"column":2},"end":{"line":11,"column":null}}},"fnMap":{"0":{"name":"requestLogger","decl":{"start":{"line":3,"column":16},"end":{"line":3,"column":30}},"loc":{"start":{"line":3,"column":79},"end":{"line":12,"column":null}},"line":3},"1":{"name":"(anonymous_1)","decl":{"start":{"line":6,"column":9},"end":{"line":6,"column":25}},"loc":{"start":{"line":6,"column":25},"end":{"line":9,"column":3}},"line":6}},"branchMap":{},"s":{"0":67,"1":67,"2":67,"3":67,"4":67},"f":{"0":67,"1":67},"b":{},"meta":{"lastBranch":0,"lastFunction":2,"lastStatement":5,"seen":{"f:3:16:3:30":0,"s:4:16:4:Infinity":0,"s:6:2:9:Infinity":1,"f:6:9:6:25":1,"s:7:21:7:Infinity":2,"s:8:4:8:Infinity":3,"s:11:2:11:Infinity":4}}}
,"/home/j-loz/proyectos/invoice_api/src/repositories/invoice.repository.ts": {"path":"/home/j-loz/proyectos/invoice_api/src/repositories/invoice.repository.ts","statementMap":{"0":{"start":{"line":41,"column":15},"end":{"line":41,"column":null}},"1":{"start":{"line":42,"column":17},"end":{"line":42,"column":null}},"2":{"start":{"line":43,"column":28},"end":{"line":43,"column":null}},"3":{"start":{"line":46,"column":2},"end":{"line":46,"column":null}},"4":{"start":{"line":46,"column":59},"end":{"line":46,"column":null}},"5":{"start":{"line":47,"column":2},"end":{"line":47,"column":null}},"6":{"start":{"line":47,"column":71},"end":{"line":47,"column":null}},"7":{"start":{"line":48,"column":2},"end":{"line":48,"column":null}},"8":{"start":{"line":48,"column":109},"end":{"line":48,"column":null}},"9":{"start":{"line":49,"column":2},"end":{"line":49,"column":null}},"10":{"start":{"line":49,"column":71},"end":{"line":49,"column":null}},"11":{"start":{"line":50,"column":2},"end":{"line":50,"column":null}},"12":{"start":{"line":50,"column":59},"end":{"line":50,"column":null}},"13":{"start":{"line":51,"column":2},"end":{"line":51,"column":null}},"14":{"start":{"line":51,"column":109},"end":{"line":51,"column":null}},"15":{"start":{"line":52,"column":2},"end":{"line":52,"column":null}},"16":{"start":{"line":52,"column":67},"end":{"line":52,"column":null}},"17":{"start":{"line":53,"column":2},"end":{"line":53,"column":null}},"18":{"start":{"line":53,"column":63},"end":{"line":53,"column":null}},"19":{"start":{"line":54,"column":2},"end":{"line":54,"column":null}},"20":{"start":{"line":54,"column":80},"end":{"line":54,"column":null}},"21":{"start":{"line":55,"column":2},"end":{"line":55,"column":null}},"22":{"start":{"line":55,"column":80},"end":{"line":55,"column":null}},"23":{"start":{"line":56,"column":2},"end":{"line":56,"column":null}},"24":{"start":{"line":56,"column":83},"end":{"line":56,"column":null}},"25":{"start":{"line":57,"column":2},"end":{"line":57,"column":null}},"26":{"start":{"line":57,"column":83},"end":{"line":57,"column":null}},"27":{"start":{"line":58,"column":2},"end":{"line":58,"column":null}},"28":{"start":{"line":62,"column":2},"end":{"line":117,"column":null}},"29":{"start":{"line":64,"column":6},"end":{"line":64,"column":null}},"30":{"start":{"line":65,"column":6},"end":{"line":65,"column":null}},"31":{"start":{"line":69,"column":6},"end":{"line":69,"column":null}},"32":{"start":{"line":69,"column":36},"end":{"line":69,"column":49}},"33":{"start":{"line":73,"column":21},"end":{"line":73,"column":null}},"34":{"start":{"line":73,"column":46},"end":{"line":73,"column":74}},"35":{"start":{"line":75,"column":21},"end":{"line":75,"column":null}},"36":{"start":{"line":76,"column":24},"end":{"line":76,"column":null}},"37":{"start":{"line":77,"column":6},"end":{"line":83,"column":null}},"38":{"start":{"line":78,"column":22},"end":{"line":78,"column":null}},"39":{"start":{"line":79,"column":22},"end":{"line":79,"column":null}},"40":{"start":{"line":80,"column":8},"end":{"line":80,"column":null}},"41":{"start":{"line":80,"column":25},"end":{"line":80,"column":null}},"42":{"start":{"line":81,"column":8},"end":{"line":81,"column":null}},"43":{"start":{"line":81,"column":25},"end":{"line":81,"column":null}},"44":{"start":{"line":82,"column":8},"end":{"line":82,"column":null}},"45":{"start":{"line":85,"column":19},"end":{"line":85,"column":null}},"46":{"start":{"line":86,"column":20},"end":{"line":86,"column":null}},"47":{"start":{"line":87,"column":20},"end":{"line":87,"column":null}},"48":{"start":{"line":88,"column":25},"end":{"line":88,"column":null}},"49":{"start":{"line":89,"column":12},"end":{"line":89,"column":null}},"50":{"start":{"line":90,"column":19},"end":{"line":90,"column":null}},"51":{"start":{"line":92,"column":6},"end":{"line":95,"column":null}},"52":{"start":{"line":99,"column":20},"end":{"line":99,"column":null}},"53":{"start":{"line":99,"column":48},"end":{"line":99,"column":61}},"54":{"start":{"line":100,"column":6},"end":{"line":100,"column":null}},"55":{"start":{"line":100,"column":24},"end":{"line":100,"column":null}},"56":{"start":{"line":101,"column":6},"end":{"line":101,"column":null}},"57":{"start":{"line":102,"column":6},"end":{"line":102,"column":null}},"58":{"start":{"line":106,"column":20},"end":{"line":106,"column":null}},"59":{"start":{"line":106,"column":48},"end":{"line":106,"column":61}},"60":{"start":{"line":107,"column":6},"end":{"line":107,"column":null}},"61":{"start":{"line":107,"column":24},"end":{"line":107,"column":null}},"62":{"start":{"line":108,"column":6},"end":{"line":108,"column":null}},"63":{"start":{"line":109,"column":6},"end":{"line":109,"column":null}},"64":{"start":{"line":113,"column":21},"end":{"line":113,"column":null}},"65":{"start":{"line":114,"column":6},"end":{"line":114,"column":null}},"66":{"start":{"line":115,"column":6},"end":{"line":115,"column":null}}},"fnMap":{"0":{"name":"matchesFilters","decl":{"start":{"line":45,"column":9},"end":{"line":45,"column":24}},"loc":{"start":{"line":45,"column":76},"end":{"line":59,"column":null}},"line":45},"1":{"name":"inMemoryInvoiceRepository","decl":{"start":{"line":61,"column":16},"end":{"line":61,"column":63}},"loc":{"start":{"line":61,"column":63},"end":{"line":118,"column":null}},"line":61},"2":{"name":"(anonymous_2)","decl":{"start":{"line":63,"column":10},"end":{"line":63,"column":15}},"loc":{"start":{"line":63,"column":24},"end":{"line":66,"column":null}},"line":63},"3":{"name":"(anonymous_3)","decl":{"start":{"line":68,"column":10},"end":{"line":68,"column":19}},"loc":{"start":{"line":68,"column":23},"end":{"line":70,"column":null}},"line":68},"4":{"name":"(anonymous_4)","decl":{"start":{"line":69,"column":22},"end":{"line":69,"column":28}},"loc":{"start":{"line":69,"column":36},"end":{"line":69,"column":49}},"line":69},"5":{"name":"(anonymous_5)","decl":{"start":{"line":72,"column":10},"end":{"line":72,"column":18}},"loc":{"start":{"line":72,"column":32},"end":{"line":96,"column":null}},"line":72},"6":{"name":"(anonymous_6)","decl":{"start":{"line":73,"column":30},"end":{"line":73,"column":38}},"loc":{"start":{"line":73,"column":46},"end":{"line":73,"column":74}},"line":73},"7":{"name":"(anonymous_7)","decl":{"start":{"line":77,"column":15},"end":{"line":77,"column":21}},"loc":{"start":{"line":77,"column":30},"end":{"line":83,"column":7}},"line":77},"8":{"name":"(anonymous_8)","decl":{"start":{"line":98,"column":10},"end":{"line":98,"column":21}},"loc":{"start":{"line":98,"column":25},"end":{"line":103,"column":null}},"line":98},"9":{"name":"(anonymous_9)","decl":{"start":{"line":99,"column":29},"end":{"line":99,"column":40}},"loc":{"start":{"line":99,"column":48},"end":{"line":99,"column":61}},"line":99},"10":{"name":"(anonymous_10)","decl":{"start":{"line":105,"column":10},"end":{"line":105,"column":17}},"loc":{"start":{"line":105,"column":27},"end":{"line":110,"column":null}},"line":105},"11":{"name":"(anonymous_11)","decl":{"start":{"line":106,"column":29},"end":{"line":106,"column":40}},"loc":{"start":{"line":106,"column":48},"end":{"line":106,"column":61}},"line":106},"12":{"name":"(anonymous_12)","decl":{"start":{"line":112,"column":10},"end":{"line":112,"column":33}},"loc":{"start":{"line":112,"column":33},"end":{"line":116,"column":null}},"line":112}},"branchMap":{"0":{"loc":{"start":{"line":46,"column":2},"end":{"line":46,"column":null}},"type":"if","locations":[{"start":{"line":46,"column":2},"end":{"line":46,"column":null}},{"start":{},"end":{}}],"line":46},"1":{"loc":{"start":{"line":46,"column":6},"end":{"line":46,"column":59}},"type":"binary-expr","locations":[{"start":{"line":46,"column":6},"end":{"line":46,"column":24}},{"start":{"line":46,"column":24},"end":{"line":46,"column":59}}],"line":46},"2":{"loc":{"start":{"line":47,"column":2},"end":{"line":47,"column":null}},"type":"if","locations":[{"start":{"line":47,"column":2},"end":{"line":47,"column":null}},{"start":{},"end":{}}],"line":47},"3":{"loc":{"start":{"line":47,"column":6},"end":{"line":47,"column":71}},"type":"binary-expr","locations":[{"start":{"line":47,"column":6},"end":{"line":47,"column":28}},{"start":{"line":47,"column":28},"end":{"line":47,"column":71}}],"line":47},"4":{"loc":{"start":{"line":48,"column":2},"end":{"line":48,"column":null}},"type":"if","locations":[{"start":{"line":48,"column":2},"end":{"line":48,"column":null}},{"start":{},"end":{}}],"line":48},"5":{"loc":{"start":{"line":48,"column":6},"end":{"line":48,"column":109}},"type":"binary-expr","locations":[{"start":{"line":48,"column":6},"end":{"line":48,"column":29}},{"start":{"line":48,"column":29},"end":{"line":48,"column":109}}],"line":48},"6":{"loc":{"start":{"line":49,"column":2},"end":{"line":49,"column":null}},"type":"if","locations":[{"start":{"line":49,"column":2},"end":{"line":49,"column":null}},{"start":{},"end":{}}],"line":49},"7":{"loc":{"start":{"line":49,"column":6},"end":{"line":49,"column":71}},"type":"binary-expr","locations":[{"start":{"line":49,"column":6},"end":{"line":49,"column":28}},{"start":{"line":49,"column":28},"end":{"line":49,"column":71}}],"line":49},"8":{"loc":{"start":{"line":50,"column":2},"end":{"line":50,"column":null}},"type":"if","locations":[{"start":{"line":50,"column":2},"end":{"line":50,"column":null}},{"start":{},"end":{}}],"line":50},"9":{"loc":{"start":{"line":50,"column":6},"end":{"line":50,"column":59}},"type":"binary-expr","locations":[{"start":{"line":50,"column":6},"end":{"line":50,"column":24}},{"start":{"line":50,"column":24},"end":{"line":50,"column":59}}],"line":50},"10":{"loc":{"start":{"line":51,"column":2},"end":{"line":51,"column":null}},"type":"if","locations":[{"start":{"line":51,"column":2},"end":{"line":51,"column":null}},{"start":{},"end":{}}],"line":51},"11":{"loc":{"start":{"line":51,"column":6},"end":{"line":51,"column":109}},"type":"binary-expr","locations":[{"start":{"line":51,"column":6},"end":{"line":51,"column":29}},{"start":{"line":51,"column":29},"end":{"line":51,"column":109}}],"line":51},"12":{"loc":{"start":{"line":52,"column":2},"end":{"line":52,"column":null}},"type":"if","locations":[{"start":{"line":52,"column":2},"end":{"line":52,"column":null}},{"start":{},"end":{}}],"line":52},"13":{"loc":{"start":{"line":52,"column":6},"end":{"line":52,"column":67}},"type":"binary-expr","locations":[{"start":{"line":52,"column":6},"end":{"line":52,"column":27}},{"start":{"line":52,"column":27},"end":{"line":52,"column":67}}],"line":52},"14":{"loc":{"start":{"line":53,"column":2},"end":{"line":53,"column":null}},"type":"if","locations":[{"start":{"line":53,"column":2},"end":{"line":53,"column":null}},{"start":{},"end":{}}],"line":53},"15":{"loc":{"start":{"line":53,"column":6},"end":{"line":53,"column":63}},"type":"binary-expr","locations":[{"start":{"line":53,"column":6},"end":{"line":53,"column":25}},{"start":{"line":53,"column":25},"end":{"line":53,"column":63}}],"line":53},"16":{"loc":{"start":{"line":54,"column":2},"end":{"line":54,"column":null}},"type":"if","locations":[{"start":{"line":54,"column":2},"end":{"line":54,"column":null}},{"start":{},"end":{}}],"line":54},"17":{"loc":{"start":{"line":54,"column":6},"end":{"line":54,"column":80}},"type":"binary-expr","locations":[{"start":{"line":54,"column":6},"end":{"line":54,"column":40}},{"start":{"line":54,"column":40},"end":{"line":54,"column":80}}],"line":54},"18":{"loc":{"start":{"line":55,"column":2},"end":{"line":55,"column":null}},"type":"if","locations":[{"start":{"line":55,"column":2},"end":{"line":55,"column":null}},{"start":{},"end":{}}],"line":55},"19":{"loc":{"start":{"line":55,"column":6},"end":{"line":55,"column":80}},"type":"binary-expr","locations":[{"start":{"line":55,"column":6},"end":{"line":55,"column":40}},{"start":{"line":55,"column":40},"end":{"line":55,"column":80}}],"line":55},"20":{"loc":{"start":{"line":56,"column":2},"end":{"line":56,"column":null}},"type":"if","locations":[{"start":{"line":56,"column":2},"end":{"line":56,"column":null}},{"start":{},"end":{}}],"line":56},"21":{"loc":{"start":{"line":56,"column":6},"end":{"line":56,"column":83}},"type":"binary-expr","locations":[{"start":{"line":56,"column":6},"end":{"line":56,"column":41}},{"start":{"line":56,"column":41},"end":{"line":56,"column":83}}],"line":56},"22":{"loc":{"start":{"line":57,"column":2},"end":{"line":57,"column":null}},"type":"if","locations":[{"start":{"line":57,"column":2},"end":{"line":57,"column":null}},{"start":{},"end":{}}],"line":57},"23":{"loc":{"start":{"line":57,"column":6},"end":{"line":57,"column":83}},"type":"binary-expr","locations":[{"start":{"line":57,"column":6},"end":{"line":57,"column":41}},{"start":{"line":57,"column":41},"end":{"line":57,"column":83}}],"line":57},"24":{"loc":{"start":{"line":69,"column":13},"end":{"line":69,"column":null}},"type":"binary-expr","locations":[{"start":{"line":69,"column":13},"end":{"line":69,"column":54}},{"start":{"line":69,"column":54},"end":{"line":69,"column":null}}],"line":69},"25":{"loc":{"start":{"line":72,"column":18},"end":{"line":72,"column":32}},"type":"default-arg","locations":[{"start":{"line":72,"column":28},"end":{"line":72,"column":32}}],"line":72},"26":{"loc":{"start":{"line":75,"column":21},"end":{"line":75,"column":null}},"type":"binary-expr","locations":[{"start":{"line":75,"column":21},"end":{"line":75,"column":40}},{"start":{"line":75,"column":40},"end":{"line":75,"column":null}}],"line":75},"27":{"loc":{"start":{"line":76,"column":24},"end":{"line":76,"column":null}},"type":"cond-expr","locations":[{"start":{"line":76,"column":55},"end":{"line":76,"column":59}},{"start":{"line":76,"column":59},"end":{"line":76,"column":null}}],"line":76},"28":{"loc":{"start":{"line":80,"column":8},"end":{"line":80,"column":null}},"type":"if","locations":[{"start":{"line":80,"column":8},"end":{"line":80,"column":null}},{"start":{},"end":{}}],"line":80},"29":{"loc":{"start":{"line":81,"column":8},"end":{"line":81,"column":null}},"type":"if","locations":[{"start":{"line":81,"column":8},"end":{"line":81,"column":null}},{"start":{},"end":{}}],"line":81},"30":{"loc":{"start":{"line":85,"column":19},"end":{"line":85,"column":null}},"type":"binary-expr","locations":[{"start":{"line":85,"column":19},"end":{"line":85,"column":35}},{"start":{"line":85,"column":35},"end":{"line":85,"column":null}}],"line":85},"31":{"loc":{"start":{"line":86,"column":20},"end":{"line":86,"column":null}},"type":"binary-expr","locations":[{"start":{"line":86,"column":20},"end":{"line":86,"column":37}},{"start":{"line":86,"column":37},"end":{"line":86,"column":null}}],"line":86},"32":{"loc":{"start":{"line":100,"column":6},"end":{"line":100,"column":null}},"type":"if","locations":[{"start":{"line":100,"column":6},"end":{"line":100,"column":null}},{"start":{},"end":{}}],"line":100},"33":{"loc":{"start":{"line":107,"column":6},"end":{"line":107,"column":null}},"type":"if","locations":[{"start":{"line":107,"column":6},"end":{"line":107,"column":null}},{"start":{},"end":{}}],"line":107}},"s":{"0":3,"1":3,"2":3,"3":52,"4":4,"5":48,"6":3,"7":45,"8":3,"9":42,"10":3,"11":39,"12":0,"13":39,"14":3,"15":36,"16":1,"17":35,"18":2,"19":33,"20":2,"21":31,"22":2,"23":29,"24":1,"25":28,"26":1,"27":27,"28":2,"29":9,"30":9,"31":11,"32":70,"33":13,"34":52,"35":13,"36":13,"37":13,"38":14,"39":14,"40":14,"41":0,"42":14,"43":14,"44":0,"45":13,"46":13,"47":13,"48":13,"49":13,"50":13,"51":13,"52":1,"53":6,"54":1,"55":0,"56":1,"57":1,"58":4,"59":26,"60":4,"61":0,"62":4,"63":4,"64":4,"65":4,"66":4},"f":{"0":52,"1":2,"2":9,"3":11,"4":70,"5":13,"6":52,"7":14,"8":1,"9":6,"10":4,"11":26,"12":4},"b":{"0":[4,48],"1":[52,8],"2":[3,45],"3":[48,4],"4":[3,42],"5":[45,4],"6":[3,39],"7":[42,4],"8":[0,39],"9":[39,0],"10":[3,36],"11":[39,4],"12":[1,35],"13":[36,4],"14":[2,33],"15":[35,3],"16":[2,31],"17":[33,4],"18":[2,29],"19":[31,4],"20":[1,28],"21":[29,4],"22":[1,27],"23":[28,3],"24":[11,3],"25":[13],"26":[13,0],"27":[1,12],"28":[0,14],"29":[14,0],"30":[13,0],"31":[13,0],"32":[0,1],"33":[0,4]},"meta":{"lastBranch":34,"lastFunction":13,"lastStatement":67,"seen":{"s:41:15:41:Infinity":0,"s:42:17:42:Infinity":1,"s:43:28:43:Infinity":2,"f:45:9:45:24":0,"b:46:2:46:Infinity:undefined:undefined:undefined:undefined":0,"s:46:2:46:Infinity":3,"b:46:6:46:24:46:24:46:59":1,"s:46:59:46:Infinity":4,"b:47:2:47:Infinity:undefined:undefined:undefined:undefined":2,"s:47:2:47:Infinity":5,"b:47:6:47:28:47:28:47:71":3,"s:47:71:47:Infinity":6,"b:48:2:48:Infinity:undefined:undefined:undefined:undefined":4,"s:48:2:48:Infinity":7,"b:48:6:48:29:48:29:48:109":5,"s:48:109:48:Infinity":8,"b:49:2:49:Infinity:undefined:undefined:undefined:undefined":6,"s:49:2:49:Infinity":9,"b:49:6:49:28:49:28:49:71":7,"s:49:71:49:Infinity":10,"b:50:2:50:Infinity:undefined:undefined:undefined:undefined":8,"s:50:2:50:Infinity":11,"b:50:6:50:24:50:24:50:59":9,"s:50:59:50:Infinity":12,"b:51:2:51:Infinity:undefined:undefined:undefined:undefined":10,"s:51:2:51:Infinity":13,"b:51:6:51:29:51:29:51:109":11,"s:51:109:51:Infinity":14,"b:52:2:52:Infinity:undefined:undefined:undefined:undefined":12,"s:52:2:52:Infinity":15,"b:52:6:52:27:52:27:52:67":13,"s:52:67:52:Infinity":16,"b:53:2:53:Infinity:undefined:undefined:undefined:undefined":14,"s:53:2:53:Infinity":17,"b:53:6:53:25:53:25:53:63":15,"s:53:63:53:Infinity":18,"b:54:2:54:Infinity:undefined:undefined:undefined:undefined":16,"s:54:2:54:Infinity":19,"b:54:6:54:40:54:40:54:80":17,"s:54:80:54:Infinity":20,"b:55:2:55:Infinity:undefined:undefined:undefined:undefined":18,"s:55:2:55:Infinity":21,"b:55:6:55:40:55:40:55:80":19,"s:55:80:55:Infinity":22,"b:56:2:56:Infinity:undefined:undefined:undefined:undefined":20,"s:56:2:56:Infinity":23,"b:56:6:56:41:56:41:56:83":21,"s:56:83:56:Infinity":24,"b:57:2:57:Infinity:undefined:undefined:undefined:undefined":22,"s:57:2:57:Infinity":25,"b:57:6:57:41:57:41:57:83":23,"s:57:83:57:Infinity":26,"s:58:2:58:Infinity":27,"f:61:16:61:63":1,"s:62:2:117:Infinity":28,"f:63:10:63:15":2,"s:64:6:64:Infinity":29,"s:65:6:65:Infinity":30,"f:68:10:68:19":3,"s:69:6:69:Infinity":31,"b:69:13:69:54:69:54:69:Infinity":24,"f:69:22:69:28":4,"s:69:36:69:49":32,"f:72:10:72:18":5,"b:72:28:72:32":25,"s:73:21:73:Infinity":33,"f:73:30:73:38":6,"s:73:46:73:74":34,"s:75:21:75:Infinity":35,"b:75:21:75:40:75:40:75:Infinity":26,"s:76:24:76:Infinity":36,"b:76:55:76:59:76:59:76:Infinity":27,"s:77:6:83:Infinity":37,"f:77:15:77:21":7,"s:78:22:78:Infinity":38,"s:79:22:79:Infinity":39,"b:80:8:80:Infinity:undefined:undefined:undefined:undefined":28,"s:80:8:80:Infinity":40,"s:80:25:80:Infinity":41,"b:81:8:81:Infinity:undefined:undefined:undefined:undefined":29,"s:81:8:81:Infinity":42,"s:81:25:81:Infinity":43,"s:82:8:82:Infinity":44,"s:85:19:85:Infinity":45,"b:85:19:85:35:85:35:85:Infinity":30,"s:86:20:86:Infinity":46,"b:86:20:86:37:86:37:86:Infinity":31,"s:87:20:87:Infinity":47,"s:88:25:88:Infinity":48,"s:89:12:89:Infinity":49,"s:90:19:90:Infinity":50,"s:92:6:95:Infinity":51,"f:98:10:98:21":8,"s:99:20:99:Infinity":52,"f:99:29:99:40":9,"s:99:48:99:61":53,"b:100:6:100:Infinity:undefined:undefined:undefined:undefined":32,"s:100:6:100:Infinity":54,"s:100:24:100:Infinity":55,"s:101:6:101:Infinity":56,"s:102:6:102:Infinity":57,"f:105:10:105:17":10,"s:106:20:106:Infinity":58,"f:106:29:106:40":11,"s:106:48:106:61":59,"b:107:6:107:Infinity:undefined:undefined:undefined:undefined":33,"s:107:6:107:Infinity":60,"s:107:24:107:Infinity":61,"s:108:6:108:Infinity":62,"s:109:6:109:Infinity":63,"f:112:10:112:33":12,"s:113:21:113:Infinity":64,"s:114:6:114:Infinity":65,"s:115:6:115:Infinity":66}}}
,"/home/j-loz/proyectos/invoice_api/src/repositories/mysql-invoice.repository.ts": {"path":"/home/j-loz/proyectos/invoice_api/src/repositories/mysql-invoice.repository.ts","statementMap":{"0":{"start":{"line":5,"column":15},"end":{"line":5,"column":null}},"1":{"start":{"line":8,"column":31},"end":{"line":8,"column":null}},"2":{"start":{"line":9,"column":28},"end":{"line":9,"column":null}},"3":{"start":{"line":11,"column":2},"end":{"line":11,"column":null}},"4":{"start":{"line":11,"column":24},"end":{"line":11,"column":55}},"5":{"start":{"line":11,"column":55},"end":{"line":11,"column":84}},"6":{"start":{"line":12,"column":2},"end":{"line":12,"column":null}},"7":{"start":{"line":12,"column":28},"end":{"line":12,"column":63}},"8":{"start":{"line":12,"column":63},"end":{"line":12,"column":96}},"9":{"start":{"line":13,"column":2},"end":{"line":13,"column":null}},"10":{"start":{"line":13,"column":29},"end":{"line":13,"column":75}},"11":{"start":{"line":13,"column":75},"end":{"line":13,"column":130}},"12":{"start":{"line":14,"column":2},"end":{"line":14,"column":null}},"13":{"start":{"line":14,"column":28},"end":{"line":14,"column":63}},"14":{"start":{"line":14,"column":63},"end":{"line":14,"column":96}},"15":{"start":{"line":15,"column":2},"end":{"line":15,"column":null}},"16":{"start":{"line":15,"column":24},"end":{"line":15,"column":55}},"17":{"start":{"line":15,"column":55},"end":{"line":15,"column":84}},"18":{"start":{"line":16,"column":2},"end":{"line":16,"column":null}},"19":{"start":{"line":16,"column":29},"end":{"line":16,"column":75}},"20":{"start":{"line":16,"column":75},"end":{"line":16,"column":130}},"21":{"start":{"line":17,"column":2},"end":{"line":17,"column":null}},"22":{"start":{"line":17,"column":27},"end":{"line":17,"column":63}},"23":{"start":{"line":17,"column":63},"end":{"line":17,"column":95}},"24":{"start":{"line":18,"column":2},"end":{"line":18,"column":null}},"25":{"start":{"line":18,"column":25},"end":{"line":18,"column":61}},"26":{"start":{"line":18,"column":61},"end":{"line":18,"column":91}},"27":{"start":{"line":19,"column":2},"end":{"line":19,"column":null}},"28":{"start":{"line":19,"column":40},"end":{"line":19,"column":77}},"29":{"start":{"line":19,"column":77},"end":{"line":19,"column":108}},"30":{"start":{"line":20,"column":2},"end":{"line":20,"column":null}},"31":{"start":{"line":20,"column":40},"end":{"line":20,"column":77}},"32":{"start":{"line":20,"column":77},"end":{"line":20,"column":108}},"33":{"start":{"line":21,"column":2},"end":{"line":21,"column":null}},"34":{"start":{"line":21,"column":41},"end":{"line":21,"column":79}},"35":{"start":{"line":21,"column":79},"end":{"line":21,"column":111}},"36":{"start":{"line":22,"column":2},"end":{"line":22,"column":null}},"37":{"start":{"line":22,"column":41},"end":{"line":22,"column":79}},"38":{"start":{"line":22,"column":79},"end":{"line":22,"column":111}},"39":{"start":{"line":24,"column":17},"end":{"line":24,"column":null}},"40":{"start":{"line":25,"column":2},"end":{"line":25,"column":null}},"41":{"start":{"line":28,"column":24},"end":{"line":28,"column":null}},"42":{"start":{"line":31,"column":2},"end":{"line":31,"column":null}},"43":{"start":{"line":35,"column":19},"end":{"line":35,"column":null}},"44":{"start":{"line":36,"column":2},"end":{"line":41,"column":null}},"45":{"start":{"line":37,"column":16},"end":{"line":37,"column":null}},"46":{"start":{"line":38,"column":4},"end":{"line":40,"column":null}},"47":{"start":{"line":39,"column":6},"end":{"line":39,"column":null}},"48":{"start":{"line":42,"column":2},"end":{"line":42,"column":null}},"49":{"start":{"line":46,"column":2},"end":{"line":65,"column":null}},"50":{"start":{"line":68,"column":29},"end":{"line":71,"column":null}},"51":{"start":{"line":73,"column":30},"end":{"line":73,"column":null}},"52":{"start":{"line":76,"column":2},"end":{"line":79,"column":null}},"53":{"start":{"line":77,"column":4},"end":{"line":77,"column":null}},"54":{"start":{"line":78,"column":4},"end":{"line":78,"column":null}},"55":{"start":{"line":83,"column":2},"end":{"line":93,"column":null}},"56":{"start":{"line":84,"column":4},"end":{"line":92,"column":null}},"57":{"start":{"line":94,"column":2},"end":{"line":94,"column":null}},"58":{"start":{"line":98,"column":15},"end":{"line":98,"column":null}},"59":{"start":{"line":99,"column":2},"end":{"line":179,"column":null}},"60":{"start":{"line":101,"column":19},"end":{"line":101,"column":null}},"61":{"start":{"line":102,"column":18},"end":{"line":102,"column":null}},"62":{"start":{"line":111,"column":6},"end":{"line":118,"column":null}},"63":{"start":{"line":120,"column":6},"end":{"line":120,"column":null}},"64":{"start":{"line":124,"column":21},"end":{"line":124,"column":null}},"65":{"start":{"line":125,"column":6},"end":{"line":125,"column":null}},"66":{"start":{"line":125,"column":29},"end":{"line":125,"column":null}},"67":{"start":{"line":126,"column":6},"end":{"line":126,"column":null}},"68":{"start":{"line":130,"column":33},"end":{"line":130,"column":null}},"69":{"start":{"line":132,"column":23},"end":{"line":132,"column":null}},"70":{"start":{"line":133,"column":26},"end":{"line":133,"column":null}},"71":{"start":{"line":134,"column":20},"end":{"line":134,"column":null}},"72":{"start":{"line":136,"column":21},"end":{"line":136,"column":null}},"73":{"start":{"line":137,"column":24},"end":{"line":137,"column":null}},"74":{"start":{"line":138,"column":19},"end":{"line":138,"column":null}},"75":{"start":{"line":139,"column":20},"end":{"line":139,"column":null}},"76":{"start":{"line":140,"column":12},"end":{"line":140,"column":null}},"77":{"start":{"line":142,"column":22},"end":{"line":142,"column":null}},"78":{"start":{"line":143,"column":25},"end":{"line":143,"column":null}},"79":{"start":{"line":145,"column":25},"end":{"line":145,"column":null}},"80":{"start":{"line":147,"column":6},"end":{"line":150,"column":null}},"81":{"start":{"line":154,"column":23},"end":{"line":154,"column":null}},"82":{"start":{"line":155,"column":6},"end":{"line":155,"column":null}},"83":{"start":{"line":159,"column":23},"end":{"line":159,"column":null}},"84":{"start":{"line":160,"column":21},"end":{"line":160,"column":null}},"85":{"start":{"line":161,"column":6},"end":{"line":161,"column":null}},"86":{"start":{"line":161,"column":31},"end":{"line":161,"column":null}},"87":{"start":{"line":163,"column":24},"end":{"line":163,"column":null}},"88":{"start":{"line":163,"column":42},"end":{"line":163,"column":52}},"89":{"start":{"line":164,"column":21},"end":{"line":164,"column":null}},"90":{"start":{"line":164,"column":39},"end":{"line":164,"column":50}},"91":{"start":{"line":166,"column":18},"end":{"line":166,"column":null}},"92":{"start":{"line":167,"column":23},"end":{"line":167,"column":null}},"93":{"start":{"line":169,"column":6},"end":{"line":169,"column":null}},"94":{"start":{"line":169,"column":37},"end":{"line":169,"column":null}},"95":{"start":{"line":171,"column":6},"end":{"line":171,"column":null}},"96":{"start":{"line":175,"column":21},"end":{"line":175,"column":null}},"97":{"start":{"line":176,"column":12},"end":{"line":176,"column":null}},"98":{"start":{"line":177,"column":6},"end":{"line":177,"column":null}}},"fnMap":{"0":{"name":"buildWhereClause","decl":{"start":{"line":7,"column":9},"end":{"line":7,"column":26}},"loc":{"start":{"line":7,"column":86},"end":{"line":26,"column":null}},"line":7},"1":{"name":"toMysqlDatetime","decl":{"start":{"line":30,"column":9},"end":{"line":30,"column":25}},"loc":{"start":{"line":30,"column":46},"end":{"line":32,"column":null}},"line":30},"2":{"name":"prepareInvoiceData","decl":{"start":{"line":34,"column":9},"end":{"line":34,"column":28}},"loc":{"start":{"line":34,"column":70},"end":{"line":43,"column":null}},"line":34},"3":{"name":"rowToInvoice","decl":{"start":{"line":45,"column":9},"end":{"line":45,"column":22}},"loc":{"start":{"line":45,"column":41},"end":{"line":66,"column":null}},"line":45},"4":{"name":"closeDbPool","decl":{"start":{"line":75,"column":22},"end":{"line":75,"column":51}},"loc":{"start":{"line":75,"column":51},"end":{"line":80,"column":null}},"line":75},"5":{"name":"getPool","decl":{"start":{"line":82,"column":9},"end":{"line":82,"column":31}},"loc":{"start":{"line":82,"column":31},"end":{"line":95,"column":null}},"line":82},"6":{"name":"createMysqlInvoiceRepository","decl":{"start":{"line":97,"column":16},"end":{"line":97,"column":66}},"loc":{"start":{"line":97,"column":66},"end":{"line":180,"column":null}},"line":97},"7":{"name":"(anonymous_7)","decl":{"start":{"line":100,"column":10},"end":{"line":100,"column":15}},"loc":{"start":{"line":100,"column":24},"end":{"line":121,"column":null}},"line":100},"8":{"name":"(anonymous_8)","decl":{"start":{"line":123,"column":10},"end":{"line":123,"column":19}},"loc":{"start":{"line":123,"column":23},"end":{"line":127,"column":null}},"line":123},"9":{"name":"(anonymous_9)","decl":{"start":{"line":129,"column":10},"end":{"line":129,"column":18}},"loc":{"start":{"line":129,"column":32},"end":{"line":151,"column":null}},"line":129},"10":{"name":"(anonymous_10)","decl":{"start":{"line":153,"column":10},"end":{"line":153,"column":21}},"loc":{"start":{"line":153,"column":25},"end":{"line":156,"column":null}},"line":153},"11":{"name":"(anonymous_11)","decl":{"start":{"line":158,"column":10},"end":{"line":158,"column":17}},"loc":{"start":{"line":158,"column":27},"end":{"line":172,"column":null}},"line":158},"12":{"name":"(anonymous_12)","decl":{"start":{"line":163,"column":31},"end":{"line":163,"column":36}},"loc":{"start":{"line":163,"column":42},"end":{"line":163,"column":52}},"line":163},"13":{"name":"(anonymous_13)","decl":{"start":{"line":164,"column":28},"end":{"line":164,"column":33}},"loc":{"start":{"line":164,"column":39},"end":{"line":164,"column":50}},"line":164},"14":{"name":"(anonymous_14)","decl":{"start":{"line":174,"column":10},"end":{"line":174,"column":33}},"loc":{"start":{"line":174,"column":33},"end":{"line":178,"column":null}},"line":174}},"branchMap":{"0":{"loc":{"start":{"line":11,"column":2},"end":{"line":11,"column":null}},"type":"if","locations":[{"start":{"line":11,"column":2},"end":{"line":11,"column":null}},{"start":{},"end":{}}],"line":11},"1":{"loc":{"start":{"line":12,"column":2},"end":{"line":12,"column":null}},"type":"if","locations":[{"start":{"line":12,"column":2},"end":{"line":12,"column":null}},{"start":{},"end":{}}],"line":12},"2":{"loc":{"start":{"line":13,"column":2},"end":{"line":13,"column":null}},"type":"if","locations":[{"start":{"line":13,"column":2},"end":{"line":13,"column":null}},{"start":{},"end":{}}],"line":13},"3":{"loc":{"start":{"line":14,"column":2},"end":{"line":14,"column":null}},"type":"if","locations":[{"start":{"line":14,"column":2},"end":{"line":14,"column":null}},{"start":{},"end":{}}],"line":14},"4":{"loc":{"start":{"line":15,"column":2},"end":{"line":15,"column":null}},"type":"if","locations":[{"start":{"line":15,"column":2},"end":{"line":15,"column":null}},{"start":{},"end":{}}],"line":15},"5":{"loc":{"start":{"line":16,"column":2},"end":{"line":16,"column":null}},"type":"if","locations":[{"start":{"line":16,"column":2},"end":{"line":16,"column":null}},{"start":{},"end":{}}],"line":16},"6":{"loc":{"start":{"line":17,"column":2},"end":{"line":17,"column":null}},"type":"if","locations":[{"start":{"line":17,"column":2},"end":{"line":17,"column":null}},{"start":{},"end":{}}],"line":17},"7":{"loc":{"start":{"line":18,"column":2},"end":{"line":18,"column":null}},"type":"if","locations":[{"start":{"line":18,"column":2},"end":{"line":18,"column":null}},{"start":{},"end":{}}],"line":18},"8":{"loc":{"start":{"line":19,"column":2},"end":{"line":19,"column":null}},"type":"if","locations":[{"start":{"line":19,"column":2},"end":{"line":19,"column":null}},{"start":{},"end":{}}],"line":19},"9":{"loc":{"start":{"line":20,"column":2},"end":{"line":20,"column":null}},"type":"if","locations":[{"start":{"line":20,"column":2},"end":{"line":20,"column":null}},{"start":{},"end":{}}],"line":20},"10":{"loc":{"start":{"line":21,"column":2},"end":{"line":21,"column":null}},"type":"if","locations":[{"start":{"line":21,"column":2},"end":{"line":21,"column":null}},{"start":{},"end":{}}],"line":21},"11":{"loc":{"start":{"line":22,"column":2},"end":{"line":22,"column":null}},"type":"if","locations":[{"start":{"line":22,"column":2},"end":{"line":22,"column":null}},{"start":{},"end":{}}],"line":22},"12":{"loc":{"start":{"line":24,"column":17},"end":{"line":24,"column":null}},"type":"cond-expr","locations":[{"start":{"line":24,"column":41},"end":{"line":24,"column":79}},{"start":{"line":24,"column":79},"end":{"line":24,"column":null}}],"line":24},"13":{"loc":{"start":{"line":38,"column":4},"end":{"line":40,"column":null}},"type":"if","locations":[{"start":{"line":38,"column":4},"end":{"line":40,"column":null}},{"start":{},"end":{}}],"line":38},"14":{"loc":{"start":{"line":56,"column":16},"end":{"line":56,"column":null}},"type":"cond-expr","locations":[{"start":{"line":56,"column":49},"end":{"line":56,"column":93}},{"start":{"line":56,"column":93},"end":{"line":56,"column":null}}],"line":56},"15":{"loc":{"start":{"line":57,"column":20},"end":{"line":57,"column":null}},"type":"cond-expr","locations":[{"start":{"line":57,"column":57},"end":{"line":57,"column":105}},{"start":{"line":57,"column":105},"end":{"line":57,"column":null}}],"line":57},"16":{"loc":{"start":{"line":63,"column":16},"end":{"line":63,"column":null}},"type":"cond-expr","locations":[{"start":{"line":63,"column":49},"end":{"line":63,"column":80}},{"start":{"line":63,"column":80},"end":{"line":63,"column":null}}],"line":63},"17":{"loc":{"start":{"line":64,"column":16},"end":{"line":64,"column":null}},"type":"cond-expr","locations":[{"start":{"line":64,"column":49},"end":{"line":64,"column":80}},{"start":{"line":64,"column":80},"end":{"line":64,"column":null}}],"line":64},"18":{"loc":{"start":{"line":76,"column":2},"end":{"line":79,"column":null}},"type":"if","locations":[{"start":{"line":76,"column":2},"end":{"line":79,"column":null}},{"start":{},"end":{}}],"line":76},"19":{"loc":{"start":{"line":83,"column":2},"end":{"line":93,"column":null}},"type":"if","locations":[{"start":{"line":83,"column":2},"end":{"line":93,"column":null}},{"start":{},"end":{}}],"line":83},"20":{"loc":{"start":{"line":85,"column":12},"end":{"line":85,"column":null}},"type":"binary-expr","locations":[{"start":{"line":85,"column":12},"end":{"line":85,"column":35}},{"start":{"line":85,"column":35},"end":{"line":85,"column":null}}],"line":85},"21":{"loc":{"start":{"line":86,"column":12},"end":{"line":86,"column":null}},"type":"binary-expr","locations":[{"start":{"line":86,"column":12},"end":{"line":86,"column":43}},{"start":{"line":86,"column":43},"end":{"line":86,"column":null}}],"line":86},"22":{"loc":{"start":{"line":87,"column":12},"end":{"line":87,"column":null}},"type":"binary-expr","locations":[{"start":{"line":87,"column":12},"end":{"line":87,"column":35}},{"start":{"line":87,"column":35},"end":{"line":87,"column":null}}],"line":87},"23":{"loc":{"start":{"line":88,"column":16},"end":{"line":88,"column":null}},"type":"binary-expr","locations":[{"start":{"line":88,"column":16},"end":{"line":88,"column":43}},{"start":{"line":88,"column":43},"end":{"line":88,"column":null}}],"line":88},"24":{"loc":{"start":{"line":89,"column":16},"end":{"line":89,"column":null}},"type":"binary-expr","locations":[{"start":{"line":89,"column":16},"end":{"line":89,"column":39}},{"start":{"line":89,"column":39},"end":{"line":89,"column":null}}],"line":89},"25":{"loc":{"start":{"line":125,"column":6},"end":{"line":125,"column":null}},"type":"if","locations":[{"start":{"line":125,"column":6},"end":{"line":125,"column":null}},{"start":{},"end":{}}],"line":125},"26":{"loc":{"start":{"line":129,"column":18},"end":{"line":129,"column":32}},"type":"default-arg","locations":[{"start":{"line":129,"column":28},"end":{"line":129,"column":32}}],"line":129},"27":{"loc":{"start":{"line":136,"column":21},"end":{"line":136,"column":null}},"type":"cond-expr","locations":[{"start":{"line":136,"column":84},"end":{"line":136,"column":102}},{"start":{"line":136,"column":102},"end":{"line":136,"column":null}}],"line":136},"28":{"loc":{"start":{"line":136,"column":21},"end":{"line":136,"column":84}},"type":"binary-expr","locations":[{"start":{"line":136,"column":21},"end":{"line":136,"column":40}},{"start":{"line":136,"column":40},"end":{"line":136,"column":84}}],"line":136},"29":{"loc":{"start":{"line":137,"column":24},"end":{"line":137,"column":null}},"type":"cond-expr","locations":[{"start":{"line":137,"column":55},"end":{"line":137,"column":63}},{"start":{"line":137,"column":63},"end":{"line":137,"column":null}}],"line":137},"30":{"loc":{"start":{"line":138,"column":19},"end":{"line":138,"column":null}},"type":"binary-expr","locations":[{"start":{"line":138,"column":19},"end":{"line":138,"column":35}},{"start":{"line":138,"column":35},"end":{"line":138,"column":null}}],"line":138},"31":{"loc":{"start":{"line":139,"column":20},"end":{"line":139,"column":null}},"type":"binary-expr","locations":[{"start":{"line":139,"column":20},"end":{"line":139,"column":37}},{"start":{"line":139,"column":37},"end":{"line":139,"column":null}}],"line":139},"32":{"loc":{"start":{"line":161,"column":6},"end":{"line":161,"column":null}},"type":"if","locations":[{"start":{"line":161,"column":6},"end":{"line":161,"column":null}},{"start":{},"end":{}}],"line":161},"33":{"loc":{"start":{"line":169,"column":6},"end":{"line":169,"column":null}},"type":"if","locations":[{"start":{"line":169,"column":6},"end":{"line":169,"column":null}},{"start":{},"end":{}}],"line":169},"34":{"loc":{"start":{"line":176,"column":23},"end":{"line":176,"column":47}},"type":"binary-expr","locations":[{"start":{"line":176,"column":23},"end":{"line":176,"column":42}},{"start":{"line":176,"column":42},"end":{"line":176,"column":47}}],"line":176}},"s":{"0":1,"1":1,"2":1,"3":1,"4":0,"5":0,"6":1,"7":0,"8":0,"9":1,"10":0,"11":0,"12":1,"13":0,"14":0,"15":1,"16":0,"17":0,"18":1,"19":0,"20":0,"21":1,"22":0,"23":0,"24":1,"25":0,"26":0,"27":1,"28":0,"29":0,"30":1,"31":0,"32":0,"33":1,"34":0,"35":0,"36":1,"37":0,"38":0,"39":1,"40":1,"41":1,"42":13,"43":8,"44":8,"45":16,"46":16,"47":13,"48":8,"49":8,"50":1,"51":1,"52":1,"53":1,"54":1,"55":1,"56":1,"57":1,"58":1,"59":1,"60":5,"61":5,"62":5,"63":5,"64":9,"65":9,"66":1,"67":8,"68":1,"69":1,"70":1,"71":1,"72":1,"73":1,"74":1,"75":1,"76":1,"77":1,"78":1,"79":1,"80":1,"81":1,"82":1,"83":3,"84":3,"85":3,"86":0,"87":3,"88":9,"89":3,"90":9,"91":3,"92":3,"93":3,"94":0,"95":3,"96":3,"97":3,"98":3},"f":{"0":1,"1":13,"2":8,"3":8,"4":1,"5":1,"6":1,"7":5,"8":9,"9":1,"10":1,"11":3,"12":9,"13":9,"14":3},"b":{"0":[0,1],"1":[0,1],"2":[0,1],"3":[0,1],"4":[0,1],"5":[0,1],"6":[0,1],"7":[0,1],"8":[0,1],"9":[0,1],"10":[0,1],"11":[0,1],"12":[0,1],"13":[13,3],"14":[8,0],"15":[8,0],"16":[8,0],"17":[8,0],"18":[1,0],"19":[1,0],"20":[1,0],"21":[1,0],"22":[1,0],"23":[1,0],"24":[1,0],"25":[1,8],"26":[1],"27":[1,0],"28":[1,1],"29":[0,1],"30":[1,0],"31":[1,0],"32":[0,3],"33":[0,3],"34":[3,2]},"meta":{"lastBranch":35,"lastFunction":15,"lastStatement":99,"seen":{"s:5:15:5:Infinity":0,"f:7:9:7:26":0,"s:8:31:8:Infinity":1,"s:9:28:9:Infinity":2,"b:11:2:11:Infinity:undefined:undefined:undefined:undefined":0,"s:11:2:11:Infinity":3,"s:11:24:11:55":4,"s:11:55:11:84":5,"b:12:2:12:Infinity:undefined:undefined:undefined:undefined":1,"s:12:2:12:Infinity":6,"s:12:28:12:63":7,"s:12:63:12:96":8,"b:13:2:13:Infinity:undefined:undefined:undefined:undefined":2,"s:13:2:13:Infinity":9,"s:13:29:13:75":10,"s:13:75:13:130":11,"b:14:2:14:Infinity:undefined:undefined:undefined:undefined":3,"s:14:2:14:Infinity":12,"s:14:28:14:63":13,"s:14:63:14:96":14,"b:15:2:15:Infinity:undefined:undefined:undefined:undefined":4,"s:15:2:15:Infinity":15,"s:15:24:15:55":16,"s:15:55:15:84":17,"b:16:2:16:Infinity:undefined:undefined:undefined:undefined":5,"s:16:2:16:Infinity":18,"s:16:29:16:75":19,"s:16:75:16:130":20,"b:17:2:17:Infinity:undefined:undefined:undefined:undefined":6,"s:17:2:17:Infinity":21,"s:17:27:17:63":22,"s:17:63:17:95":23,"b:18:2:18:Infinity:undefined:undefined:undefined:undefined":7,"s:18:2:18:Infinity":24,"s:18:25:18:61":25,"s:18:61:18:91":26,"b:19:2:19:Infinity:undefined:undefined:undefined:undefined":8,"s:19:2:19:Infinity":27,"s:19:40:19:77":28,"s:19:77:19:108":29,"b:20:2:20:Infinity:undefined:undefined:undefined:undefined":9,"s:20:2:20:Infinity":30,"s:20:40:20:77":31,"s:20:77:20:108":32,"b:21:2:21:Infinity:undefined:undefined:undefined:undefined":10,"s:21:2:21:Infinity":33,"s:21:41:21:79":34,"s:21:79:21:111":35,"b:22:2:22:Infinity:undefined:undefined:undefined:undefined":11,"s:22:2:22:Infinity":36,"s:22:41:22:79":37,"s:22:79:22:111":38,"s:24:17:24:Infinity":39,"b:24:41:24:79:24:79:24:Infinity":12,"s:25:2:25:Infinity":40,"s:28:24:28:Infinity":41,"f:30:9:30:25":1,"s:31:2:31:Infinity":42,"f:34:9:34:28":2,"s:35:19:35:Infinity":43,"s:36:2:41:Infinity":44,"s:37:16:37:Infinity":45,"b:38:4:40:Infinity:undefined:undefined:undefined:undefined":13,"s:38:4:40:Infinity":46,"s:39:6:39:Infinity":47,"s:42:2:42:Infinity":48,"f:45:9:45:22":3,"s:46:2:65:Infinity":49,"b:56:49:56:93:56:93:56:Infinity":14,"b:57:57:57:105:57:105:57:Infinity":15,"b:63:49:63:80:63:80:63:Infinity":16,"b:64:49:64:80:64:80:64:Infinity":17,"s:68:29:71:Infinity":50,"s:73:30:73:Infinity":51,"f:75:22:75:51":4,"b:76:2:79:Infinity:undefined:undefined:undefined:undefined":18,"s:76:2:79:Infinity":52,"s:77:4:77:Infinity":53,"s:78:4:78:Infinity":54,"f:82:9:82:31":5,"b:83:2:93:Infinity:undefined:undefined:undefined:undefined":19,"s:83:2:93:Infinity":55,"s:84:4:92:Infinity":56,"b:85:12:85:35:85:35:85:Infinity":20,"b:86:12:86:43:86:43:86:Infinity":21,"b:87:12:87:35:87:35:87:Infinity":22,"b:88:16:88:43:88:43:88:Infinity":23,"b:89:16:89:39:89:39:89:Infinity":24,"s:94:2:94:Infinity":57,"f:97:16:97:66":6,"s:98:15:98:Infinity":58,"s:99:2:179:Infinity":59,"f:100:10:100:15":7,"s:101:19:101:Infinity":60,"s:102:18:102:Infinity":61,"s:111:6:118:Infinity":62,"s:120:6:120:Infinity":63,"f:123:10:123:19":8,"s:124:21:124:Infinity":64,"b:125:6:125:Infinity:undefined:undefined:undefined:undefined":25,"s:125:6:125:Infinity":65,"s:125:29:125:Infinity":66,"s:126:6:126:Infinity":67,"f:129:10:129:18":9,"b:129:28:129:32":26,"s:130:33:130:Infinity":68,"s:132:23:132:Infinity":69,"s:133:26:133:Infinity":70,"s:134:20:134:Infinity":71,"s:136:21:136:Infinity":72,"b:136:84:136:102:136:102:136:Infinity":27,"b:136:21:136:40:136:40:136:84":28,"s:137:24:137:Infinity":73,"b:137:55:137:63:137:63:137:Infinity":29,"s:138:19:138:Infinity":74,"b:138:19:138:35:138:35:138:Infinity":30,"s:139:20:139:Infinity":75,"b:139:20:139:37:139:37:139:Infinity":31,"s:140:12:140:Infinity":76,"s:142:22:142:Infinity":77,"s:143:25:143:Infinity":78,"s:145:25:145:Infinity":79,"s:147:6:150:Infinity":80,"f:153:10:153:21":10,"s:154:23:154:Infinity":81,"s:155:6:155:Infinity":82,"f:158:10:158:17":11,"s:159:23:159:Infinity":83,"s:160:21:160:Infinity":84,"b:161:6:161:Infinity:undefined:undefined:undefined:undefined":32,"s:161:6:161:Infinity":85,"s:161:31:161:Infinity":86,"s:163:24:163:Infinity":87,"f:163:31:163:36":12,"s:163:42:163:52":88,"s:164:21:164:Infinity":89,"f:164:28:164:33":13,"s:164:39:164:50":90,"s:166:18:166:Infinity":91,"s:167:23:167:Infinity":92,"b:169:6:169:Infinity:undefined:undefined:undefined:undefined":33,"s:169:6:169:Infinity":93,"s:169:37:169:Infinity":94,"s:171:6:171:Infinity":95,"f:174:10:174:33":14,"s:175:21:175:Infinity":96,"s:176:12:176:Infinity":97,"b:176:23:176:42:176:42:176:47":34,"s:177:6:177:Infinity":98}}}
,"/home/j-loz/proyectos/invoice_api/src/transport/invoices.ts": {"path":"/home/j-loz/proyectos/invoice_api/src/transport/invoices.ts","statementMap":{"0":{"start":{"line":7,"column":8},"end":{"line":7,"column":null}},"1":{"start":{"line":8,"column":15},"end":{"line":8,"column":null}},"2":{"start":{"line":9,"column":8},"end":{"line":9,"column":null}},"3":{"start":{"line":11,"column":2},"end":{"line":11,"column":null}},"4":{"start":{"line":12,"column":2},"end":{"line":12,"column":null}},"5":{"start":{"line":13,"column":2},"end":{"line":13,"column":null}},"6":{"start":{"line":14,"column":2},"end":{"line":14,"column":null}},"7":{"start":{"line":15,"column":2},"end":{"line":15,"column":null}},"8":{"start":{"line":17,"column":2},"end":{"line":17,"column":null}}},"fnMap":{"0":{"name":"invoicesRouter","decl":{"start":{"line":6,"column":16},"end":{"line":6,"column":31}},"loc":{"start":{"line":6,"column":63},"end":{"line":18,"column":null}},"line":6}},"branchMap":{"0":{"loc":{"start":{"line":8,"column":15},"end":{"line":8,"column":null}},"type":"binary-expr","locations":[{"start":{"line":8,"column":15},"end":{"line":8,"column":29}},{"start":{"line":8,"column":15},"end":{"line":8,"column":null}}],"line":8}},"s":{"0":3,"1":3,"2":3,"3":3,"4":3,"5":3,"6":3,"7":3,"8":3},"f":{"0":3},"b":{"0":[3,2]},"meta":{"lastBranch":1,"lastFunction":1,"lastStatement":9,"seen":{"f:6:16:6:31":0,"s:7:8:7:Infinity":0,"s:8:15:8:Infinity":1,"b:8:15:8:29:8:15:8:Infinity":0,"s:9:8:9:Infinity":2,"s:11:2:11:Infinity":3,"s:12:2:12:Infinity":4,"s:13:2:13:Infinity":5,"s:14:2:14:Infinity":6,"s:15:2:15:Infinity":7,"s:17:2:17:Infinity":8}}}
,"/home/j-loz/proyectos/invoice_api/src/use-cases/confirm-invoice.use-case.ts": {"path":"/home/j-loz/proyectos/invoice_api/src/use-cases/confirm-invoice.use-case.ts","statementMap":{"0":{"start":{"line":16,"column":2},"end":{"line":44,"column":null}},"1":{"start":{"line":17,"column":20},"end":{"line":17,"column":null}},"2":{"start":{"line":19,"column":4},"end":{"line":25,"column":null}},"3":{"start":{"line":20,"column":6},"end":{"line":24,"column":null}},"4":{"start":{"line":27,"column":4},"end":{"line":33,"column":null}},"5":{"start":{"line":28,"column":6},"end":{"line":32,"column":null}},"6":{"start":{"line":35,"column":19},"end":{"line":35,"column":null}},"7":{"start":{"line":37,"column":20},"end":{"line":41,"column":null}},"8":{"start":{"line":43,"column":4},"end":{"line":43,"column":null}}},"fnMap":{"0":{"name":"createConfirmInvoiceUseCase","decl":{"start":{"line":15,"column":16},"end":{"line":15,"column":44}},"loc":{"start":{"line":15,"column":75},"end":{"line":45,"column":null}},"line":15},"1":{"name":"(anonymous_1)","decl":{"start":{"line":16,"column":9},"end":{"line":16,"column":16}},"loc":{"start":{"line":16,"column":90},"end":{"line":44,"column":null}},"line":16}},"branchMap":{"0":{"loc":{"start":{"line":19,"column":4},"end":{"line":25,"column":null}},"type":"if","locations":[{"start":{"line":19,"column":4},"end":{"line":25,"column":null}},{"start":{},"end":{}}],"line":19},"1":{"loc":{"start":{"line":27,"column":4},"end":{"line":33,"column":null}},"type":"if","locations":[{"start":{"line":27,"column":4},"end":{"line":33,"column":null}},{"start":{},"end":{}}],"line":27}},"s":{"0":3,"1":9,"2":9,"3":1,"4":8,"5":1,"6":7,"7":7,"8":7},"f":{"0":3,"1":9},"b":{"0":[1,8],"1":[1,7]},"meta":{"lastBranch":2,"lastFunction":2,"lastStatement":9,"seen":{"f:15:16:15:44":0,"s:16:2:44:Infinity":0,"f:16:9:16:16":1,"s:17:20:17:Infinity":1,"b:19:4:25:Infinity:undefined:undefined:undefined:undefined":0,"s:19:4:25:Infinity":2,"s:20:6:24:Infinity":3,"b:27:4:33:Infinity:undefined:undefined:undefined:undefined":1,"s:27:4:33:Infinity":4,"s:28:6:32:Infinity":5,"s:35:19:35:Infinity":6,"s:37:20:41:Infinity":7,"s:43:4:43:Infinity":8}}}
,"/home/j-loz/proyectos/invoice_api/src/use-cases/create-invoice.use-case.ts": {"path":"/home/j-loz/proyectos/invoice_api/src/use-cases/create-invoice.use-case.ts","statementMap":{"0":{"start":{"line":18,"column":2},"end":{"line":39,"column":null}},"1":{"start":{"line":19,"column":10},"end":{"line":19,"column":null}},"2":{"start":{"line":20,"column":4},"end":{"line":22,"column":null}},"3":{"start":{"line":21,"column":6},"end":{"line":21,"column":null}},"4":{"start":{"line":24,"column":16},"end":{"line":24,"column":null}},"5":{"start":{"line":26,"column":29},"end":{"line":34,"column":null}},"6":{"start":{"line":36,"column":4},"end":{"line":36,"column":null}},"7":{"start":{"line":38,"column":4},"end":{"line":38,"column":null}}},"fnMap":{"0":{"name":"createCreateInvoiceUseCase","decl":{"start":{"line":17,"column":16},"end":{"line":17,"column":43}},"loc":{"start":{"line":17,"column":74},"end":{"line":40,"column":null}},"line":17},"1":{"name":"(anonymous_1)","decl":{"start":{"line":18,"column":9},"end":{"line":18,"column":16}},"loc":{"start":{"line":18,"column":103},"end":{"line":39,"column":null}},"line":18}},"branchMap":{"0":{"loc":{"start":{"line":20,"column":4},"end":{"line":22,"column":null}},"type":"if","locations":[{"start":{"line":20,"column":4},"end":{"line":22,"column":null}},{"start":{},"end":{}}],"line":20}},"s":{"0":3,"1":30,"2":30,"3":16,"4":14,"5":14,"6":14,"7":14},"f":{"0":3,"1":30},"b":{"0":[16,14]},"meta":{"lastBranch":1,"lastFunction":2,"lastStatement":8,"seen":{"f:17:16:17:43":0,"s:18:2:39:Infinity":0,"f:18:9:18:16":1,"s:19:10:19:Infinity":1,"b:20:4:22:Infinity:undefined:undefined:undefined:undefined":0,"s:20:4:22:Infinity":2,"s:21:6:21:Infinity":3,"s:24:16:24:Infinity":4,"s:26:29:34:Infinity":5,"s:36:4:36:Infinity":6,"s:38:4:38:Infinity":7}}}
,"/home/j-loz/proyectos/invoice_api/src/use-cases/delete-invoice.use-case.ts": {"path":"/home/j-loz/proyectos/invoice_api/src/use-cases/delete-invoice.use-case.ts","statementMap":{"0":{"start":{"line":14,"column":2},"end":{"line":36,"column":null}},"1":{"start":{"line":15,"column":20},"end":{"line":15,"column":null}},"2":{"start":{"line":17,"column":4},"end":{"line":23,"column":null}},"3":{"start":{"line":18,"column":6},"end":{"line":22,"column":null}},"4":{"start":{"line":25,"column":4},"end":{"line":31,"column":null}},"5":{"start":{"line":26,"column":6},"end":{"line":30,"column":null}},"6":{"start":{"line":33,"column":4},"end":{"line":33,"column":null}},"7":{"start":{"line":35,"column":4},"end":{"line":35,"column":null}}},"fnMap":{"0":{"name":"createDeleteInvoiceUseCase","decl":{"start":{"line":13,"column":16},"end":{"line":13,"column":43}},"loc":{"start":{"line":13,"column":74},"end":{"line":37,"column":null}},"line":13},"1":{"name":"(anonymous_1)","decl":{"start":{"line":14,"column":9},"end":{"line":14,"column":16}},"loc":{"start":{"line":14,"column":88},"end":{"line":36,"column":null}},"line":14}},"branchMap":{"0":{"loc":{"start":{"line":17,"column":4},"end":{"line":23,"column":null}},"type":"if","locations":[{"start":{"line":17,"column":4},"end":{"line":23,"column":null}},{"start":{},"end":{}}],"line":17},"1":{"loc":{"start":{"line":25,"column":4},"end":{"line":31,"column":null}},"type":"if","locations":[{"start":{"line":25,"column":4},"end":{"line":31,"column":null}},{"start":{},"end":{}}],"line":25}},"s":{"0":3,"1":5,"2":5,"3":1,"4":4,"5":2,"6":2,"7":2},"f":{"0":3,"1":5},"b":{"0":[1,4],"1":[2,2]},"meta":{"lastBranch":2,"lastFunction":2,"lastStatement":8,"seen":{"f:13:16:13:43":0,"s:14:2:36:Infinity":0,"f:14:9:14:16":1,"s:15:20:15:Infinity":1,"b:17:4:23:Infinity:undefined:undefined:undefined:undefined":0,"s:17:4:23:Infinity":2,"s:18:6:22:Infinity":3,"b:25:4:31:Infinity:undefined:undefined:undefined:undefined":1,"s:25:4:31:Infinity":4,"s:26:6:30:Infinity":5,"s:33:4:33:Infinity":6,"s:35:4:35:Infinity":7}}}
,"/home/j-loz/proyectos/invoice_api/src/use-cases/get-invoice.use-case.ts": {"path":"/home/j-loz/proyectos/invoice_api/src/use-cases/get-invoice.use-case.ts","statementMap":{"0":{"start":{"line":16,"column":2},"end":{"line":28,"column":null}},"1":{"start":{"line":17,"column":20},"end":{"line":17,"column":null}},"2":{"start":{"line":19,"column":4},"end":{"line":25,"column":null}},"3":{"start":{"line":20,"column":6},"end":{"line":24,"column":null}},"4":{"start":{"line":27,"column":4},"end":{"line":27,"column":null}}},"fnMap":{"0":{"name":"createGetInvoiceUseCase","decl":{"start":{"line":15,"column":16},"end":{"line":15,"column":40}},"loc":{"start":{"line":15,"column":71},"end":{"line":29,"column":null}},"line":15},"1":{"name":"(anonymous_1)","decl":{"start":{"line":16,"column":9},"end":{"line":16,"column":16}},"loc":{"start":{"line":16,"column":82},"end":{"line":28,"column":null}},"line":16}},"branchMap":{"0":{"loc":{"start":{"line":19,"column":4},"end":{"line":25,"column":null}},"type":"if","locations":[{"start":{"line":19,"column":4},"end":{"line":25,"column":null}},{"start":{},"end":{}}],"line":19}},"s":{"0":3,"1":3,"2":3,"3":2,"4":1},"f":{"0":3,"1":3},"b":{"0":[2,1]},"meta":{"lastBranch":1,"lastFunction":2,"lastStatement":5,"seen":{"f:15:16:15:40":0,"s:16:2:28:Infinity":0,"f:16:9:16:16":1,"s:17:20:17:Infinity":1,"b:19:4:25:Infinity:undefined:undefined:undefined:undefined":0,"s:19:4:25:Infinity":2,"s:20:6:24:Infinity":3,"s:27:4:27:Infinity":4}}}
,"/home/j-loz/proyectos/invoice_api/src/use-cases/list-invoices.use-case.ts": {"path":"/home/j-loz/proyectos/invoice_api/src/use-cases/list-invoices.use-case.ts","statementMap":{"0":{"start":{"line":14,"column":23},"end":{"line":14,"column":null}},"1":{"start":{"line":17,"column":2},"end":{"line":59,"column":null}},"2":{"start":{"line":18,"column":18},"end":{"line":18,"column":null}},"3":{"start":{"line":20,"column":4},"end":{"line":26,"column":null}},"4":{"start":{"line":21,"column":6},"end":{"line":25,"column":null}},"5":{"start":{"line":28,"column":19},"end":{"line":28,"column":null}},"6":{"start":{"line":29,"column":4},"end":{"line":35,"column":null}},"7":{"start":{"line":30,"column":6},"end":{"line":34,"column":null}},"8":{"start":{"line":37,"column":36},"end":{"line":54,"column":null}},"9":{"start":{"line":56,"column":19},"end":{"line":56,"column":null}},"10":{"start":{"line":58,"column":4},"end":{"line":58,"column":null}}},"fnMap":{"0":{"name":"createListInvoicesUseCase","decl":{"start":{"line":16,"column":16},"end":{"line":16,"column":42}},"loc":{"start":{"line":16,"column":73},"end":{"line":60,"column":null}},"line":16},"1":{"name":"(anonymous_1)","decl":{"start":{"line":17,"column":9},"end":{"line":17,"column":16}},"loc":{"start":{"line":17,"column":106},"end":{"line":59,"column":null}},"line":17}},"branchMap":{"0":{"loc":{"start":{"line":18,"column":18},"end":{"line":18,"column":null}},"type":"cond-expr","locations":[{"start":{"line":18,"column":46},"end":{"line":18,"column":68}},{"start":{"line":18,"column":68},"end":{"line":18,"column":null}}],"line":18},"1":{"loc":{"start":{"line":20,"column":4},"end":{"line":26,"column":null}},"type":"if","locations":[{"start":{"line":20,"column":4},"end":{"line":26,"column":null}},{"start":{},"end":{}}],"line":20},"2":{"loc":{"start":{"line":29,"column":4},"end":{"line":35,"column":null}},"type":"if","locations":[{"start":{"line":29,"column":4},"end":{"line":35,"column":null}},{"start":{},"end":{}}],"line":29},"3":{"loc":{"start":{"line":29,"column":8},"end":{"line":29,"column":66}},"type":"binary-expr","locations":[{"start":{"line":29,"column":8},"end":{"line":29,"column":32}},{"start":{"line":29,"column":32},"end":{"line":29,"column":66}}],"line":29},"4":{"loc":{"start":{"line":46,"column":16},"end":{"line":46,"column":null}},"type":"cond-expr","locations":[{"start":{"line":46,"column":47},"end":{"line":46,"column":72}},{"start":{"line":46,"column":72},"end":{"line":46,"column":null}}],"line":46},"5":{"loc":{"start":{"line":47,"column":16},"end":{"line":47,"column":null}},"type":"cond-expr","locations":[{"start":{"line":47,"column":47},"end":{"line":47,"column":72}},{"start":{"line":47,"column":72},"end":{"line":47,"column":null}}],"line":47},"6":{"loc":{"start":{"line":48,"column":17},"end":{"line":48,"column":null}},"type":"cond-expr","locations":[{"start":{"line":48,"column":49},"end":{"line":48,"column":75}},{"start":{"line":48,"column":75},"end":{"line":48,"column":null}}],"line":48},"7":{"loc":{"start":{"line":49,"column":17},"end":{"line":49,"column":null}},"type":"cond-expr","locations":[{"start":{"line":49,"column":49},"end":{"line":49,"column":75}},{"start":{"line":49,"column":75},"end":{"line":49,"column":null}}],"line":49},"8":{"loc":{"start":{"line":50,"column":16},"end":{"line":50,"column":null}},"type":"binary-expr","locations":[{"start":{"line":50,"column":16},"end":{"line":50,"column":44}},{"start":{"line":50,"column":44},"end":{"line":50,"column":null}}],"line":50},"9":{"loc":{"start":{"line":51,"column":19},"end":{"line":51,"column":null}},"type":"binary-expr","locations":[{"start":{"line":51,"column":19},"end":{"line":51,"column":50}},{"start":{"line":51,"column":50},"end":{"line":51,"column":null}}],"line":51},"10":{"loc":{"start":{"line":52,"column":12},"end":{"line":52,"column":null}},"type":"cond-expr","locations":[{"start":{"line":52,"column":39},"end":{"line":52,"column":60}},{"start":{"line":52,"column":60},"end":{"line":52,"column":null}}],"line":52}},"s":{"0":3,"1":3,"2":16,"3":16,"4":1,"5":15,"6":15,"7":1,"8":14,"9":16,"10":14},"f":{"0":3,"1":16},"b":{"0":[2,14],"1":[1,15],"2":[1,14],"3":[15,3],"4":[1,13],"5":[1,13],"6":[1,13],"7":[1,13],"8":[16,13],"9":[16,13],"10":[1,13]},"meta":{"lastBranch":11,"lastFunction":2,"lastStatement":11,"seen":{"s:14:23:14:Infinity":0,"f:16:16:16:42":0,"s:17:2:59:Infinity":1,"f:17:9:17:16":1,"s:18:18:18:Infinity":2,"b:18:46:18:68:18:68:18:Infinity":0,"b:20:4:26:Infinity:undefined:undefined:undefined:undefined":1,"s:20:4:26:Infinity":3,"s:21:6:25:Infinity":4,"s:28:19:28:Infinity":5,"b:29:4:35:Infinity:undefined:undefined:undefined:undefined":2,"s:29:4:35:Infinity":6,"b:29:8:29:32:29:32:29:66":3,"s:30:6:34:Infinity":7,"s:37:36:54:Infinity":8,"b:46:47:46:72:46:72:46:Infinity":4,"b:47:47:47:72:47:72:47:Infinity":5,"b:48:49:48:75:48:75:48:Infinity":6,"b:49:49:49:75:49:75:49:Infinity":7,"b:50:16:50:44:50:44:50:Infinity":8,"b:51:19:51:50:51:50:51:Infinity":9,"b:52:39:52:60:52:60:52:Infinity":10,"s:56:19:56:Infinity":9,"s:58:4:58:Infinity":10}}}
,"/home/j-loz/proyectos/invoice_api/src/validators/invoice.validator.ts": {"path":"/home/j-loz/proyectos/invoice_api/src/validators/invoice.validator.ts","statementMap":{"0":{"start":{"line":3,"column":54},"end":{"line":8,"column":null}},"1":{"start":{"line":10,"column":19},"end":{"line":10,"column":null}},"2":{"start":{"line":13,"column":2},"end":{"line":20,"column":null}},"3":{"start":{"line":14,"column":4},"end":{"line":19,"column":null}},"4":{"start":{"line":15,"column":6},"end":{"line":18,"column":null}},"5":{"start":{"line":22,"column":2},"end":{"line":27,"column":null}},"6":{"start":{"line":23,"column":4},"end":{"line":26,"column":null}},"7":{"start":{"line":29,"column":2},"end":{"line":34,"column":null}},"8":{"start":{"line":30,"column":4},"end":{"line":33,"column":null}},"9":{"start":{"line":36,"column":2},"end":{"line":36,"column":null}}},"fnMap":{"0":{"name":"validateCreateInvoice","decl":{"start":{"line":12,"column":16},"end":{"line":12,"column":38}},"loc":{"start":{"line":12,"column":89},"end":{"line":37,"column":null}},"line":12}},"branchMap":{"0":{"loc":{"start":{"line":14,"column":4},"end":{"line":19,"column":null}},"type":"if","locations":[{"start":{"line":14,"column":4},"end":{"line":19,"column":null}},{"start":{},"end":{}}],"line":14},"1":{"loc":{"start":{"line":14,"column":8},"end":{"line":14,"column":61}},"type":"binary-expr","locations":[{"start":{"line":14,"column":8},"end":{"line":14,"column":38}},{"start":{"line":14,"column":38},"end":{"line":14,"column":61}}],"line":14},"2":{"loc":{"start":{"line":22,"column":2},"end":{"line":27,"column":null}},"type":"if","locations":[{"start":{"line":22,"column":2},"end":{"line":27,"column":null}},{"start":{},"end":{}}],"line":22},"3":{"loc":{"start":{"line":29,"column":2},"end":{"line":34,"column":null}},"type":"if","locations":[{"start":{"line":29,"column":2},"end":{"line":34,"column":null}},{"start":{},"end":{}}],"line":29},"4":{"loc":{"start":{"line":29,"column":6},"end":{"line":29,"column":81}},"type":"binary-expr","locations":[{"start":{"line":29,"column":6},"end":{"line":29,"column":44}},{"start":{"line":29,"column":44},"end":{"line":29,"column":81}}],"line":29}},"s":{"0":3,"1":3,"2":30,"3":272,"4":14,"5":16,"6":1,"7":15,"8":1,"9":14},"f":{"0":30},"b":{"0":[14,258],"1":[272,258],"2":[1,15],"3":[1,14],"4":[15,14]},"meta":{"lastBranch":5,"lastFunction":1,"lastStatement":10,"seen":{"s:3:54:8:Infinity":0,"s:10:19:10:Infinity":1,"f:12:16:12:38":0,"s:13:2:20:Infinity":2,"b:14:4:19:Infinity:undefined:undefined:undefined:undefined":0,"s:14:4:19:Infinity":3,"b:14:8:14:38:14:38:14:61":1,"s:15:6:18:Infinity":4,"b:22:2:27:Infinity:undefined:undefined:undefined:undefined":2,"s:22:2:27:Infinity":5,"s:23:4:26:Infinity":6,"b:29:2:34:Infinity:undefined:undefined:undefined:undefined":3,"s:29:2:34:Infinity":7,"b:29:6:29:44:29:44:29:81":4,"s:30:4:33:Infinity":8,"s:36:2:36:Infinity":9}}}
}
